<?xml version="1.0" encoding="UTF-8"?>
<testsuite xmlns:xsi="http://www.w3.org/2001/XMLSchema-instance" xsi:noNamespaceSchemaLocation="https://maven.apache.org/surefire/maven-surefire-plugin/xsd/surefire-test-report.xsd" name="models.AtletaTest" time="0.046" tests="5" errors="0" skipped="0" failures="0">
  <properties>
    <property name="java.specification.version" value="16"/>
    <property name="sun.jnu.encoding" value="UTF-8"/>
    <property name="java.class.path" value="/home/FQA/UDESC/BAN01/Trabalho Final/TrabalhoFinalEsportes/target/test-classes:/home/FQA/UDESC/BAN01/Trabalho Final/TrabalhoFinalEsportes/target/classes:/home/FQA/.m2/repository/org/junit/jupiter/junit-jupiter-api/5.6.0/junit-jupiter-api-5.6.0.jar:/home/FQA/.m2/repository/org/apiguardian/apiguardian-api/1.1.0/apiguardian-api-1.1.0.jar:/home/FQA/.m2/repository/org/opentest4j/opentest4j/1.2.0/opentest4j-1.2.0.jar:/home/FQA/.m2/repository/org/junit/platform/junit-platform-commons/1.6.0/junit-platform-commons-1.6.0.jar:/home/FQA/.m2/repository/org/junit/jupiter/junit-jupiter-params/5.6.0/junit-jupiter-params-5.6.0.jar:/home/FQA/.m2/repository/org/junit/jupiter/junit-jupiter-engine/5.6.0/junit-jupiter-engine-5.6.0.jar:/home/FQA/.m2/repository/org/junit/platform/junit-platform-engine/1.6.0/junit-platform-engine-1.6.0.jar:/home/FQA/.m2/repository/org/postgresql/postgresql/42.2.23/postgresql-42.2.23.jar:/home/FQA/.m2/repository/org/checkerframework/checker-qual/3.5.0/checker-qual-3.5.0.jar:/home/FQA/.m2/repository/org/hamcrest/hamcrest-all/1.3/hamcrest-all-1.3.jar:"/>
    <property name="java.vm.vendor" value="Red Hat, Inc."/>
    <property name="sun.arch.data.model" value="64"/>
    <property name="java.vendor.url" value="https://www.redhat.com/"/>
    <property name="os.name" value="Linux"/>
    <property name="java.vm.specification.version" value="16"/>
    <property name="sun.java.launcher" value="SUN_STANDARD"/>
    <property name="user.country" value="US"/>
    <property name="sun.boot.library.path" value="/usr/lib/jvm/java-16-openjdk-16.0.1.0.9-4.rolling.fc34.x86_64/lib"/>
    <property name="sun.java.command" value="/home/FQA/UDESC/BAN01/Trabalho Final/TrabalhoFinalEsportes/target/surefire/surefirebooter15613678120777619824.jar /home/FQA/UDESC/BAN01/Trabalho Final/TrabalhoFinalEsportes/target/surefire 2021-07-23T18-27-16_884-jvmRun1 surefire6170888245845603299tmp surefire_0900134529224542011tmp"/>
    <property name="jdk.debug" value="release"/>
    <property name="surefire.test.class.path" value="/home/FQA/UDESC/BAN01/Trabalho Final/TrabalhoFinalEsportes/target/test-classes:/home/FQA/UDESC/BAN01/Trabalho Final/TrabalhoFinalEsportes/target/classes:/home/FQA/.m2/repository/org/junit/jupiter/junit-jupiter-api/5.6.0/junit-jupiter-api-5.6.0.jar:/home/FQA/.m2/repository/org/apiguardian/apiguardian-api/1.1.0/apiguardian-api-1.1.0.jar:/home/FQA/.m2/repository/org/opentest4j/opentest4j/1.2.0/opentest4j-1.2.0.jar:/home/FQA/.m2/repository/org/junit/platform/junit-platform-commons/1.6.0/junit-platform-commons-1.6.0.jar:/home/FQA/.m2/repository/org/junit/jupiter/junit-jupiter-params/5.6.0/junit-jupiter-params-5.6.0.jar:/home/FQA/.m2/repository/org/junit/jupiter/junit-jupiter-engine/5.6.0/junit-jupiter-engine-5.6.0.jar:/home/FQA/.m2/repository/org/junit/platform/junit-platform-engine/1.6.0/junit-platform-engine-1.6.0.jar:/home/FQA/.m2/repository/org/postgresql/postgresql/42.2.23/postgresql-42.2.23.jar:/home/FQA/.m2/repository/org/checkerframework/checker-qual/3.5.0/checker-qual-3.5.0.jar:/home/FQA/.m2/repository/org/hamcrest/hamcrest-all/1.3/hamcrest-all-1.3.jar:"/>
    <property name="sun.cpu.endian" value="little"/>
    <property name="user.home" value="/home/FQA"/>
    <property name="user.language" value="en"/>
    <property name="java.specification.vendor" value="Oracle Corporation"/>
    <property name="java.version.date" value="2021-04-20"/>
    <property name="java.home" value="/usr/lib/jvm/java-16-openjdk-16.0.1.0.9-4.rolling.fc34.x86_64"/>
    <property name="file.separator" value="/"/>
    <property name="basedir" value="/home/FQA/UDESC/BAN01/Trabalho Final/TrabalhoFinalEsportes"/>
    <property name="java.vm.compressedOopsMode" value="32-bit"/>
    <property name="line.separator" value="&#10;"/>
    <property name="java.vm.specification.vendor" value="Oracle Corporation"/>
    <property name="java.specification.name" value="Java Platform API Specification"/>
    <property name="surefire.real.class.path" value="/home/FQA/UDESC/BAN01/Trabalho Final/TrabalhoFinalEsportes/target/surefire/surefirebooter15613678120777619824.jar"/>
    <property name="sun.management.compiler" value="HotSpot 64-Bit Tiered Compilers"/>
    <property name="java.runtime.version" value="16.0.1+9"/>
    <property name="user.name" value="FQA"/>
    <property name="path.separator" value=":"/>
    <property name="os.version" value="5.12.17-300.fc34.x86_64"/>
    <property name="java.runtime.name" value="OpenJDK Runtime Environment"/>
    <property name="file.encoding" value="UTF-8"/>
    <property name="java.vm.name" value="OpenJDK 64-Bit Server VM"/>
    <property name="java.vendor.version" value="21.3"/>
    <property name="maven.ext.class.path" value="/home/FQA/netbeans-12.4/netbeans/java/maven-nblib/netbeans-eventspy.jar"/>
    <property name="localRepository" value="/home/FQA/.m2/repository"/>
    <property name="java.vendor.url.bug" value="https://bugzilla.redhat.com/enter_bug.cgi?product=Fedora&amp;component=java-latest-openjdk&amp;version=34"/>
    <property name="java.io.tmpdir" value="/tmp"/>
    <property name="java.version" value="16.0.1"/>
    <property name="user.dir" value="/home/FQA/UDESC/BAN01/Trabalho Final/TrabalhoFinalEsportes"/>
    <property name="os.arch" value="amd64"/>
    <property name="java.vm.specification.name" value="Java Virtual Machine Specification"/>
    <property name="java.library.path" value="/usr/java/packages/lib:/usr/lib64:/lib64:/lib:/usr/lib"/>
    <property name="java.vm.info" value="mixed mode, sharing"/>
    <property name="java.vendor" value="Red Hat, Inc."/>
    <property name="java.vm.version" value="16.0.1+9"/>
    <property name="sun.io.unicode.encoding" value="UnicodeLittle"/>
    <property name="java.class.version" value="60.0"/>
  </properties>
  <testcase name="AtletaFeminioTemSexoFeminino" classname="models.AtletaTest" time="0.017"/>
  <testcase name="AtletaMasculinoTemSexoMasculino" classname="models.AtletaTest" time="0"/>
  <testcase name="AtletaMasculinoTemSexoDisplayMasculino" classname="models.AtletaTest" time="0.001"/>
  <testcase name="AtletaComNomeJoaoTemNomeJoao" classname="models.AtletaTest" time="0.002"/>
  <testcase name="AtletaFemininoTemSexoDisplayFeminino" classname="models.AtletaTest" time="0"/>
</testsuite>